[2023-05-15T15:28:27.614] [INFO] default - Server is listening on port 3001
[2023-05-15T15:28:41.010] [INFO] default - Server is listening on port 3001
[2023-05-15T15:29:10.297] [INFO] default - Server is listening on port 3001
[2023-05-15T15:29:14.027] [INFO] default - Server is listening on port 3001
[2023-05-15T15:29:19.717] [INFO] default - Server is listening on port 3001
[2023-05-15T15:30:07.143] [INFO] default - Server is listening on port 3001
[2023-05-15T15:30:15.231] [INFO] default - Server is listening on port 3001
[2023-05-15T15:30:23.058] [INFO] default - Server is listening on port 3001
[2023-05-15T15:30:45.971] [INFO] default - Server is listening on port 3001
[2023-05-15T15:30:52.094] [INFO] default - Server is listening on port 3001
[2023-05-15T15:31:02.923] [INFO] default - Server is listening on port 3001
[2023-05-15T15:31:20.280] [INFO] default - Server is listening on port 3001
[2023-05-15T15:31:28.757] [INFO] default - Server is listening on port 3001
[2023-05-15T15:31:51.261] [INFO] default - Server is listening on port 3001
[2023-05-15T15:31:55.463] [INFO] default - Server is listening on port 3001
[2023-05-15T15:31:56.635] [INFO] default - Server is listening on port 3001
[2023-05-15T15:31:58.745] [INFO] default - Server is listening on port 3001
[2023-05-15T15:32:45.930] [INFO] default - Server is listening on port 3001
[2023-05-15T15:32:47.311] [INFO] default - Server is listening on port 3001
[2023-05-15T15:32:50.085] [INFO] default - Server is listening on port 3001
[2023-05-15T15:33:23.596] [INFO] default - Server is listening on port 3001
[2023-05-15T15:33:29.436] [INFO] default - Server is listening on port 3001
[2023-05-15T15:33:36.989] [INFO] default - Server is listening on port 3001
[2023-05-15T15:36:28.722] [INFO] default - Server is listening on port 3001
[2023-05-15T15:36:29.608] [INFO] default - Server is listening on port 3001
[2023-05-15T15:38:35.800] [INFO] default - Server is listening on port 3001
[2023-05-15T15:38:42.243] [INFO] default - Server is listening on port 3001
[2023-05-15T15:38:50.848] [INFO] default - Server is listening on port 3001
[2023-05-15T15:38:55.184] [INFO] default - Server is listening on port 3001
[2023-05-15T15:39:05.558] [INFO] default - Server is listening on port 3001
[2023-05-15T15:39:11.724] [INFO] default - Server is listening on port 3001
[2023-05-15T15:39:13.131] [INFO] default - Server is listening on port 3001
[2023-05-15T15:39:14.373] [INFO] default - Server is listening on port 3001
[2023-05-15T15:39:15.914] [INFO] default - Server is listening on port 3001
[2023-05-15T15:39:17.178] [INFO] default - Server is listening on port 3001
[2023-05-15T15:39:18.505] [INFO] default - Server is listening on port 3001
[2023-05-15T15:40:35.956] [INFO] default - Server is listening on port 3001
[2023-05-15T15:43:07.875] [INFO] default - Server is listening on port 3001
[2023-05-15T15:43:23.368] [INFO] default - Server is listening on port 3001
[2023-05-15T15:43:24.982] [INFO] default - Server is listening on port 3001
[2023-05-15T15:43:35.382] [INFO] default - Server is listening on port 3001
[2023-05-15T15:43:39.092] [INFO] default - Server is listening on port 3001
[2023-05-15T15:43:41.163] [INFO] default - Server is listening on port 3001
[2023-05-15T15:43:44.661] [INFO] default - Server is listening on port 3001
[2023-05-15T15:43:58.052] [INFO] default - Server is listening on port 3001
[2023-05-15T15:44:36.020] [INFO] default - Server is listening on port 3001
[2023-05-15T15:44:40.300] [INFO] default - Server is listening on port 3001
[2023-05-15T15:44:46.124] [INFO] default - Server is listening on port 3001
[2023-05-15T15:44:47.939] [INFO] default - Server is listening on port 3001
[2023-05-15T15:45:03.864] [INFO] default - Server is listening on port 3001
[2023-05-15T15:45:05.450] [INFO] default - Server is listening on port 3001
[2023-05-15T15:45:08.749] [INFO] default - Server is listening on port 3001
[2023-05-15T15:45:54.575] [INFO] default - Server is listening on port 3001
[2023-05-15T15:46:00.092] [INFO] default - Server is listening on port 3001
[2023-05-15T15:46:27.006] [INFO] default - Server is listening on port 3001
[2023-05-15T15:46:37.296] [INFO] default - Server is listening on port 3001
[2023-05-15T15:47:14.272] [INFO] default - Server is listening on port 3001
[2023-05-15T15:47:19.177] [INFO] default - Server is listening on port 3001
[2023-05-15T15:47:20.199] [INFO] default - Server is listening on port 3001
[2023-05-15T15:47:27.044] [INFO] default - Server is listening on port 3001
[2023-05-15T15:47:41.159] [INFO] default - Server is listening on port 3001
[2023-05-15T15:47:42.332] [INFO] default - Server is listening on port 3001
[2023-05-15T15:47:45.592] [INFO] default - Server is listening on port 3001
[2023-05-15T15:50:35.117] [INFO] default - Server is listening on port 3001
[2023-05-15T15:50:37.426] [INFO] default - Server is listening on port 3001
[2023-05-15T15:50:43.548] [INFO] default - Server is listening on port 3001
[2023-05-15T15:50:56.821] [INFO] default - Server is listening on port 3001
[2023-05-15T15:51:21.800] [INFO] default - Server is listening on port 3001
[2023-05-15T15:51:53.646] [INFO] default - Server is listening on port 3001
[2023-05-15T15:52:06.674] [INFO] default - Server is listening on port 3001
[2023-05-15T15:52:46.545] [INFO] default - Server is listening on port 3001
[2023-05-15T15:52:57.992] [INFO] default - Server is listening on port 3001
[2023-05-15T15:53:05.418] [INFO] default - Server is listening on port 3001
[2023-05-15T15:53:33.376] [INFO] default - Server is listening on port 3001
[2023-05-15T15:53:51.616] [INFO] default - Server is listening on port 3001
[2023-05-15T15:54:05.010] [INFO] default - Server is listening on port 3001
[2023-05-15T15:54:40.203] [INFO] default - Server is listening on port 3001
[2023-05-15T16:02:32.984] [INFO] default - Server is listening on port 3001
[2023-05-15T16:02:59.756] [INFO] default - Server is listening on port 3001
[2023-05-15T16:03:24.310] [INFO] default - Server is listening on port 3001
[2023-05-15T16:03:27.953] [INFO] default - Server is listening on port 3001
[2023-05-15T16:03:30.626] [INFO] default - Server is listening on port 3001
[2023-05-15T16:03:33.698] [INFO] default - Server is listening on port 3001
[2023-05-15T16:03:47.505] [INFO] default - Server is listening on port 3001
[2023-05-15T16:03:51.087] [INFO] default - Server is listening on port 3001
[2023-05-15T16:04:06.143] [INFO] default - Server is listening on port 3001
[2023-05-15T16:04:16.586] [INFO] default - Server is listening on port 3001
[2023-05-15T16:04:17.904] [INFO] default - Server is listening on port 3001
[2023-05-15T16:05:54.795] [INFO] default - Server is listening on port 3001
[2023-05-15T16:06:00.896] [INFO] default - Server is listening on port 3001
[2023-05-15T16:06:03.512] [INFO] default - Server is listening on port 3001
[2023-05-15T16:06:05.971] [INFO] default - Server is listening on port 3001
[2023-05-15T16:06:07.922] [INFO] default - Server is listening on port 3001
[2023-05-15T16:06:09.853] [INFO] default - Server is listening on port 3001
[2023-05-15T16:06:15.432] [INFO] default - Server is listening on port 3001
[2023-05-15T16:06:23.002] [INFO] default - Server is listening on port 3001
[2023-05-15T16:06:40.523] [INFO] default - Server is listening on port 3001
[2023-05-15T16:06:46.625] [INFO] default - Server is listening on port 3001
[2023-05-15T16:07:55.601] [INFO] default - Server is listening on port 3001
[2023-05-15T16:08:11.784] [INFO] default - Server is listening on port 3001
[2023-05-15T16:09:00.280] [INFO] default - Server is listening on port 3001
[2023-05-15T16:09:01.367] [INFO] default - Server is listening on port 3001
[2023-05-15T16:09:08.542] [INFO] default - Server is listening on port 3001
[2023-05-15T16:10:33.059] [DEBUG] default - Some debug messages
[2023-05-15T16:10:33.060] [INFO] default - Some info messages
[2023-05-15T16:10:33.060] [WARN] default - Some warning messages
[2023-05-15T16:10:33.060] [ERROR] default - Some error messages
[2023-05-15T16:10:33.061] [FATAL] default - Some fatal messages
[2023-05-15T16:10:33.063] [INFO] default - Server is listening on port 3001
[2023-05-15T16:10:44.767] [DEBUG] default - Some debug messages
[2023-05-15T16:10:44.768] [INFO] default - Some info messages
[2023-05-15T16:10:44.768] [WARN] default - Some warning messages
[2023-05-15T16:10:44.768] [ERROR] default - Some error messages
[2023-05-15T16:10:44.768] [FATAL] default - Some fatal messages
[2023-05-15T16:10:44.770] [INFO] default - Server is listening on port 3001
[2023-05-15T16:11:38.368] [DEBUG] default - Some debug messages
[2023-05-15T16:11:38.369] [INFO] default - Some info messages
[2023-05-15T16:11:38.369] [WARN] default - Some warning messages
[2023-05-15T16:11:38.369] [ERROR] default - Some error messages
[2023-05-15T16:11:38.369] [FATAL] default - Some fatal messages
[2023-05-15T16:11:38.371] [INFO] default - Server is listening on port 3001
[2023-05-15T16:11:39.628] [DEBUG] default - Some debug messages
[2023-05-15T16:11:39.629] [INFO] default - Some info messages
[2023-05-15T16:11:39.629] [WARN] default - Some warning messages
[2023-05-15T16:11:39.629] [ERROR] default - Some error messages
[2023-05-15T16:11:39.629] [FATAL] default - Some fatal messages
[2023-05-15T16:11:39.631] [INFO] default - Server is listening on port 3001
